<?xml version="1.0" encoding="UTF-8"?>
<!-- Generated by org.testng.reporters.JUnitReportReporter -->
<testsuite hostname="DESKTOP-B38FRTG" failures="0" tests="1" name="durgasoft.JavaPrograms" time="0.015" errors="0" timestamp="2022-02-12T22:08:51 IST" skipped="0">
  <testcase classname="durgasoft.JavaPrograms" name="P32_CountNoOfOccurancesString" time="0.015"/>
  <system-out/>
</testsuite> <!-- durgasoft.JavaPrograms -->
